[PREINITIALIZATION][CLIENT][INFO] Thank you to the Patreon supporters below and others who make CraftTweaker possible!
Jessie Sims
Brønsted
SquidDev
NerdyWhiteGuy
Spencer Gilbert
Phillip Swearingain
DreamThorn
AdaraChristine
Belathus
Genryu
Zuniroa
Pongo Sapiens
Ncc1702
Ivy_
Peregrinus11
Luvely
WaterMoon
MT7658
NickT
Quaternary
If you want to support the mod, checkout https://patreon.com/jaredlll08?s=crtmod

[PREINITIALIZATION][CLIENT][INFO] Current loaders after merging: [[preinit]]
[PREINITIALIZATION][CLIENT][INFO] Loading scripts for loader with names [preinit]
[PREINITIALIZATION][CLIENT][INFO] [preinit | SIDE_CLIENT]: Skipping file {[0:crafttweaker]: Avaritia.zs} as we are currently loading with a different loader
[PREINITIALIZATION][CLIENT][INFO] [preinit | SIDE_CLIENT]: Skipping file {[0:crafttweaker]: LDSMod.zs} as we are currently loading with a different loader
[PREINITIALIZATION][CLIENT][INFO] [preinit | SIDE_CLIENT]: Skipping file {[0:crafttweaker]: Misc.zs} as we are currently loading with a different loader
[PREINITIALIZATION][CLIENT][INFO] [preinit | SIDE_CLIENT]: Skipping file {[0:crafttweaker]: Old Scripts (41920)/Avaritia.zs} as we are currently loading with a different loader
[PREINITIALIZATION][CLIENT][INFO] [preinit | SIDE_CLIENT]: Skipping file {[0:crafttweaker]: Old Scripts (41920)/Misc.zs} as we are currently loading with a different loader
[PREINITIALIZATION][CLIENT][INFO] [preinit | SIDE_CLIENT]: Skipping file {[0:crafttweaker]: Old Scripts (41920)/ProjectE.zs} as we are currently loading with a different loader
[PREINITIALIZATION][CLIENT][INFO] [preinit | SIDE_CLIENT]: Skipping file {[0:crafttweaker]: Old Scripts (41920)/ThermalExpansion.zs} as we are currently loading with a different loader
[PREINITIALIZATION][CLIENT][INFO] [preinit | SIDE_CLIENT]: Skipping file {[0:crafttweaker]: ProjectE.zs} as we are currently loading with a different loader
[PREINITIALIZATION][CLIENT][INFO] [preinit | SIDE_CLIENT]: Skipping file {[0:crafttweaker]: ThermalExpansion.zs} as we are currently loading with a different loader
[PREINITIALIZATION][CLIENT][INFO] [preinit | SIDE_CLIENT]: Skipping file {[0:crafttweaker]: Torcherino.zs} as we are currently loading with a different loader
[PREINITIALIZATION][CLIENT][INFO] Completed script loading in: 2ms
[PREINITIALIZATION][CLIENT][INFO] Current loaders after merging: [[preinit], [gregtech]]
[PREINITIALIZATION][CLIENT][INFO] Loading scripts for loader with names [gregtech]
[PREINITIALIZATION][CLIENT][INFO] [gregtech | SIDE_CLIENT]: Skipping file {[0:crafttweaker]: Avaritia.zs} as we are currently loading with a different loader
[PREINITIALIZATION][CLIENT][INFO] [gregtech | SIDE_CLIENT]: Skipping file {[0:crafttweaker]: LDSMod.zs} as we are currently loading with a different loader
[PREINITIALIZATION][CLIENT][INFO] [gregtech | SIDE_CLIENT]: Skipping file {[0:crafttweaker]: Misc.zs} as we are currently loading with a different loader
[PREINITIALIZATION][CLIENT][INFO] [gregtech | SIDE_CLIENT]: Skipping file {[0:crafttweaker]: Old Scripts (41920)/Avaritia.zs} as we are currently loading with a different loader
[PREINITIALIZATION][CLIENT][INFO] [gregtech | SIDE_CLIENT]: Skipping file {[0:crafttweaker]: Old Scripts (41920)/Misc.zs} as we are currently loading with a different loader
[PREINITIALIZATION][CLIENT][INFO] [gregtech | SIDE_CLIENT]: Skipping file {[0:crafttweaker]: Old Scripts (41920)/ProjectE.zs} as we are currently loading with a different loader
[PREINITIALIZATION][CLIENT][INFO] [gregtech | SIDE_CLIENT]: Skipping file {[0:crafttweaker]: Old Scripts (41920)/ThermalExpansion.zs} as we are currently loading with a different loader
[PREINITIALIZATION][CLIENT][INFO] [gregtech | SIDE_CLIENT]: Skipping file {[0:crafttweaker]: ProjectE.zs} as we are currently loading with a different loader
[PREINITIALIZATION][CLIENT][INFO] [gregtech | SIDE_CLIENT]: Skipping file {[0:crafttweaker]: ThermalExpansion.zs} as we are currently loading with a different loader
[PREINITIALIZATION][CLIENT][INFO] [gregtech | SIDE_CLIENT]: Skipping file {[0:crafttweaker]: Torcherino.zs} as we are currently loading with a different loader
[PREINITIALIZATION][CLIENT][INFO] Completed script loading in: 0ms
[INITIALIZATION][CLIENT][INFO] CraftTweaker: Building registry
[INITIALIZATION][CLIENT][INFO] CraftTweaker: Successfully built item registry
[INITIALIZATION][CLIENT][INFO] Current loaders after merging: [[preinit], [gregtech], [recipeevent | crafttweaker]]
[INITIALIZATION][CLIENT][INFO] Loading scripts for loader with names [crafttweaker | recipeevent]
[INITIALIZATION][CLIENT][INFO] [crafttweaker | SIDE_CLIENT]: Loading Script: {[0:crafttweaker]: Avaritia.zs}
[INITIALIZATION][CLIENT][INFO] Adding Extreme recipe avaritia:craft_tweaker_shaped_nb for Neutronium Block
[INITIALIZATION][CLIENT][INFO] Adding Compressor recipe avaritia:craft_tweaker/compressor/nui for neutronium unstable ingot
[INITIALIZATION][CLIENT][INFO] Adding Compressor recipe avaritia:craft_tweaker/compressor/ps for Platinum Singularity
[INITIALIZATION][CLIENT][INFO] Adding Compressor recipe avaritia:craft_tweaker/compressor/is for Iridium Singularity
[INITIALIZATION][CLIENT][INFO] Adding Compressor recipe avaritia:craft_tweaker/compressor/ns for Neutronium star
[INITIALIZATION][CLIENT][INFO] Removing Extreme Recipe from Avaritia with the output of: Neutronium unstable block
[INITIALIZATION][CLIENT][INFO] Adding Extreme recipe avaritia:craft_tweaker_shaped_nui for Neutronium unstable block
[INITIALIZATION][CLIENT][INFO] Adding Extreme recipe avaritia:craft_tweaker_shaped_ih for Infinity Helmet
[INITIALIZATION][CLIENT][INFO] Adding Extreme recipe avaritia:craft_tweaker_shaped_ib for Infinity Breastplate
[INITIALIZATION][CLIENT][INFO] Adding Extreme recipe avaritia:craft_tweaker_shaped_il for Infinity Leggings
[INITIALIZATION][CLIENT][INFO] Adding Extreme recipe avaritia:craft_tweaker_shaped_if for Infinity Boots
[INITIALIZATION][CLIENT][INFO] Removing Extreme Recipe from Avaritia with the output of: Enhancement Crystal
[INITIALIZATION][CLIENT][INFO] Adding Extreme recipe avaritia:craft_tweaker_shaped_ec for Enhancement Crystal
[INITIALIZATION][CLIENT][INFO] Removing Extreme Recipe from Avaritia with the output of: World Breaker
[INITIALIZATION][CLIENT][INFO] Adding Extreme recipe avaritia:craft_tweaker_shaped_wb for World Breaker
[INITIALIZATION][CLIENT][INFO] Removing Extreme Recipe from Avaritia with the output of: Nature's Ruin
[INITIALIZATION][CLIENT][INFO] Adding Extreme recipe avaritia:craft_tweaker_shaped_nr for Nature's Ruin
[INITIALIZATION][CLIENT][INFO] Removing Extreme Recipe from Avaritia with the output of: Longbow of the Heavens
[INITIALIZATION][CLIENT][INFO] Adding Extreme recipe avaritia:craft_tweaker_shaped_lboth for Longbow of the Heavens
[INITIALIZATION][CLIENT][INFO] Removing Extreme Recipe from Avaritia with the output of: Planet Eater
[INITIALIZATION][CLIENT][INFO] Adding Extreme recipe avaritia:craft_tweaker_shaped_pe for Planet Eater
[INITIALIZATION][CLIENT][INFO] Removing Extreme Recipe from Avaritia with the output of: Hoe of the Green Earth
[INITIALIZATION][CLIENT][INFO] Adding Extreme recipe avaritia:craft_tweaker_shaped_hotge for Hoe of the Green Earth
[INITIALIZATION][CLIENT][INFO] Removing Extreme Recipe from Avaritia with the output of: Sword of the Cosmos
[INITIALIZATION][CLIENT][INFO] Adding Extreme recipe avaritia:craft_tweaker_shaped_ded for Sword of the Cosmos
[INITIALIZATION][CLIENT][INFO] [crafttweaker | SIDE_CLIENT]: Loading Script: {[0:crafttweaker]: LDSMod.zs}
[INITIALIZATION][CLIENT][INFO] Adding Extreme recipe avaritia:craft_tweaker_shaped_nameplaceholder for item.singularity.clock.name
[INITIALIZATION][CLIENT][INFO] [crafttweaker | SIDE_CLIENT]: Loading Script: {[0:crafttweaker]: Misc.zs}
[INITIALIZATION][CLIENT][INFO] [crafttweaker | SIDE_CLIENT]: Loading Script: {[0:crafttweaker]: Old Scripts (41920)/Avaritia.zs}
[INITIALIZATION][CLIENT][INFO] Adding Compressor recipe avaritia:craft_tweaker/compressor/nuic for neutronium unstable ingot
[INITIALIZATION][CLIENT][INFO] Removing Extreme Recipe from Avaritia with the output of: Neutronium unstable block
[INITIALIZATION][CLIENT][INFO] Adding Extreme recipe avaritia:craft_tweaker_shaped_nui for Neutronium unstable block
[INITIALIZATION][CLIENT][INFO] Removing Extreme Recipes from Avaritia with the output of: Infinity Helmet
[INITIALIZATION][CLIENT][INFO] Adding Extreme recipe avaritia:craft_tweaker_shaped_ih for Infinity Helmet
[INITIALIZATION][CLIENT][INFO] Removing Extreme Recipes from Avaritia with the output of: Infinity Breastplate
[INITIALIZATION][CLIENT][INFO] Adding Extreme recipe avaritia:craft_tweaker_shaped_ib for Infinity Breastplate
[INITIALIZATION][CLIENT][INFO] Removing Extreme Recipes from Avaritia with the output of: Infinity Leggings
[INITIALIZATION][CLIENT][INFO] Adding Extreme recipe avaritia:craft_tweaker_shaped_il for Infinity Leggings
[INITIALIZATION][CLIENT][INFO] Removing Extreme Recipes from Avaritia with the output of: Infinity Boots
[INITIALIZATION][CLIENT][INFO] Adding Extreme recipe avaritia:craft_tweaker_shaped_if for Infinity Boots
[INITIALIZATION][CLIENT][INFO] Removing Extreme Recipe from Avaritia with the output of: Enhancement Crystal
[INITIALIZATION][CLIENT][INFO] Adding Extreme recipe avaritia:craft_tweaker_shaped_ec for Enhancement Crystal
[INITIALIZATION][CLIENT][INFO] Removing Extreme Recipe from Avaritia with the output of: World Breaker
[INITIALIZATION][CLIENT][INFO] Adding Extreme recipe avaritia:craft_tweaker_shaped_wb for World Breaker
[INITIALIZATION][CLIENT][INFO] Removing Extreme Recipe from Avaritia with the output of: Nature's Ruin
[INITIALIZATION][CLIENT][INFO] Adding Extreme recipe avaritia:craft_tweaker_shaped_nr for Nature's Ruin
[INITIALIZATION][CLIENT][INFO] Removing Extreme Recipe from Avaritia with the output of: Longbow of the Heavens
[INITIALIZATION][CLIENT][INFO] Adding Extreme recipe avaritia:craft_tweaker_shaped_lboth for Longbow of the Heavens
[INITIALIZATION][CLIENT][INFO] Removing Extreme Recipe from Avaritia with the output of: Planet Eater
[INITIALIZATION][CLIENT][INFO] Adding Extreme recipe avaritia:craft_tweaker_shaped_pe for Planet Eater
[INITIALIZATION][CLIENT][INFO] Removing Extreme Recipe from Avaritia with the output of: Hoe of the Green Earth
[INITIALIZATION][CLIENT][INFO] Adding Extreme recipe avaritia:craft_tweaker_shaped_hotge for Hoe of the Green Earth
[INITIALIZATION][CLIENT][INFO] Removing Extreme Recipe from Avaritia with the output of: Sword of the Cosmos
[INITIALIZATION][CLIENT][INFO] Adding Extreme recipe avaritia:craft_tweaker_shaped_ded for Sword of the Cosmos
[INITIALIZATION][CLIENT][INFO] [crafttweaker | SIDE_CLIENT]: Loading Script: {[0:crafttweaker]: Old Scripts (41920)/Misc.zs}
[INITIALIZATION][CLIENT][INFO] [crafttweaker | SIDE_CLIENT]: Loading Script: {[0:crafttweaker]: Old Scripts (41920)/ProjectE.zs}
[INITIALIZATION][CLIENT][INFO] Adding Extreme recipe avaritia:craft_tweaker_shaped_kse for Klein Star Ein
[INITIALIZATION][CLIENT][INFO] Adding Extreme recipe avaritia:craft_tweaker_shaped_ksz for Klein Star Zwei
[INITIALIZATION][CLIENT][INFO] Adding Extreme recipe avaritia:craft_tweaker_shaped_ksd for Klein Star Drei
[INITIALIZATION][CLIENT][INFO] Adding Extreme recipe avaritia:craft_tweaker_shaped_ksv for Klein Star Vier
[INITIALIZATION][CLIENT][INFO] Adding Extreme recipe avaritia:craft_tweaker_shaped_kss for Klein Star Sphere
[INITIALIZATION][CLIENT][INFO] Adding Extreme recipe avaritia:craft_tweaker_shaped_kso for Klein Star Omega
[INITIALIZATION][CLIENT][INFO] Adding Extreme recipe avaritia:craft_tweaker_shaped_gh for Gem Helmet
[INITIALIZATION][CLIENT][INFO] Adding Extreme recipe avaritia:craft_tweaker_shaped_gc for Gem Chestplate
[INITIALIZATION][CLIENT][INFO] Adding Extreme recipe avaritia:craft_tweaker_shaped_gl for Gem Leggings
[INITIALIZATION][CLIENT][INFO] Adding Extreme recipe avaritia:craft_tweaker_shaped_gb for Gem Boots
[INITIALIZATION][CLIENT][INFO] Adding Extreme recipe avaritia:craft_tweaker_shaped_rmbo for Red Matter Boots
[INITIALIZATION][CLIENT][INFO] Adding Extreme recipe avaritia:craft_tweaker_shaped_rml for Red Matter Leggings
[INITIALIZATION][CLIENT][INFO] Adding Extreme recipe avaritia:craft_tweaker_shaped_rmc for Red Matter Chestplate
[INITIALIZATION][CLIENT][INFO] Adding Extreme recipe avaritia:craft_tweaker_shaped_rmh for Red Matter Helmet
[INITIALIZATION][CLIENT][INFO] Adding Extreme recipe avaritia:craft_tweaker_shaped_srg for Swiftwolf's Rending Gale
[INITIALIZATION][CLIENT][INFO] Adding Extreme recipe avaritia:craft_tweaker_shaped_bhb for Black Hole Band
[INITIALIZATION][CLIENT][INFO] Adding Extreme recipe avaritia:craft_tweaker_shaped_dmh for Dark Matter Helmet
[INITIALIZATION][CLIENT][INFO] Adding Extreme recipe avaritia:craft_tweaker_shaped_dmc for Dark Matter Chestplate
[INITIALIZATION][CLIENT][INFO] Adding Extreme recipe avaritia:craft_tweaker_shaped_dml for Dark Matter Leggings
[INITIALIZATION][CLIENT][INFO] Adding Extreme recipe avaritia:craft_tweaker_shaped_dmb for Dark Matter Boots
[INITIALIZATION][CLIENT][INFO] Adding Extreme recipe avaritia:craft_tweaker_shaped_va2 for Volcanite Amulet
[INITIALIZATION][CLIENT][INFO] Adding Extreme recipe avaritia:craft_tweaker_shaped_va for Volcanite Amulet
[INITIALIZATION][CLIENT][INFO] Adding Extreme recipe avaritia:craft_tweaker_shaped_ls2 for Life Stone
[INITIALIZATION][CLIENT][INFO] Adding Extreme recipe avaritia:craft_tweaker_shaped_ls for Life Stone
[INITIALIZATION][CLIENT][INFO] Adding Extreme recipe avaritia:craft_tweaker_shaped_wft for Watch of Flowing Time
[INITIALIZATION][CLIENT][INFO] Adding Extreme recipe avaritia:craft_tweaker_shaped_ms for Mind Stone
[INITIALIZATION][CLIENT][INFO] Adding Extreme recipe avaritia:craft_tweaker_shaped_ea2 for Evertide Amulet
[INITIALIZATION][CLIENT][INFO] Adding Extreme recipe avaritia:craft_tweaker_shaped_ea for Evertide Amulet
[INITIALIZATION][CLIENT][INFO] Adding Extreme recipe avaritia:craft_tweaker_shaped_ss for Soul Stone
[INITIALIZATION][CLIENT][INFO] Adding Extreme recipe avaritia:craft_tweaker_shaped_trannytable for Transmutation Table
[INITIALIZATION][CLIENT][INFO] Adding Extreme recipe avaritia:craft_tweaker_shaped_trannytablet for Transmutation Tablet
[INITIALIZATION][CLIENT][INFO] Adding Extreme recipe avaritia:craft_tweaker_shaped_dmp for Dark Matter Pedestal
[INITIALIZATION][CLIENT][INFO] Adding Extreme recipe avaritia:craft_tweaker_shaped_bs for Body Stone
[INITIALIZATION][CLIENT][INFO] Adding Extreme recipe avaritia:craft_tweaker_shaped_rmb for Red Matter Block
[INITIALIZATION][CLIENT][INFO] Adding Extreme recipe avaritia:craft_tweaker_shaped_dmbl for Dark Matter Block
[INITIALIZATION][CLIENT][INFO] Adding Extreme recipe avaritia:craft_tweaker_shaped_af for Aeternalis Fuel
[INITIALIZATION][CLIENT][INFO] Adding Extreme recipe avaritia:craft_tweaker_shaped_mf for Mobius Fuel
[INITIALIZATION][CLIENT][INFO] Adding Extreme recipe avaritia:craft_tweaker_shaped_ac for Alchemical Coal
[INITIALIZATION][CLIENT][INFO] Adding Extreme recipe avaritia:craft_tweaker_shaped_acb for Alchemical Coal Block
[INITIALIZATION][CLIENT][INFO] Adding Extreme recipe avaritia:craft_tweaker_shaped_mfb for Mobius Fuel Block
[INITIALIZATION][CLIENT][INFO] Adding Extreme recipe avaritia:craft_tweaker_shaped_afb for Aeternalis Fuel Block
[INITIALIZATION][CLIENT][INFO] [crafttweaker | SIDE_CLIENT]: Loading Script: {[0:crafttweaker]: Old Scripts (41920)/ThermalExpansion.zs}
[INITIALIZATION][CLIENT][INFO] Adding Extreme recipe avaritia:craft_tweaker_shaped_cck for Creative Conversion Kit
[INITIALIZATION][CLIENT][INFO] [crafttweaker | SIDE_CLIENT]: Loading Script: {[0:crafttweaker]: ProjectE.zs}
[INITIALIZATION][CLIENT][INFO] Adding Extreme recipe avaritia:craft_tweaker_shaped_kse for Klein Star Ein
[INITIALIZATION][CLIENT][INFO] Adding Extreme recipe avaritia:craft_tweaker_shaped_ksz for Klein Star Zwei
[INITIALIZATION][CLIENT][INFO] Adding Extreme recipe avaritia:craft_tweaker_shaped_ksd for Klein Star Drei
[INITIALIZATION][CLIENT][INFO] Adding Extreme recipe avaritia:craft_tweaker_shaped_ksv for Klein Star Vier
[INITIALIZATION][CLIENT][INFO] Adding Extreme recipe avaritia:craft_tweaker_shaped_kss for Klein Star Sphere
[INITIALIZATION][CLIENT][INFO] Adding Extreme recipe avaritia:craft_tweaker_shaped_kso for Klein Star Omega
[INITIALIZATION][CLIENT][INFO] Adding Extreme recipe avaritia:craft_tweaker_shaped_gh for Gem Helmet
[INITIALIZATION][CLIENT][INFO] Adding Extreme recipe avaritia:craft_tweaker_shaped_gc for Gem Chestplate
[INITIALIZATION][CLIENT][INFO] Adding Extreme recipe avaritia:craft_tweaker_shaped_gl for Gem Leggings
[INITIALIZATION][CLIENT][INFO] Adding Extreme recipe avaritia:craft_tweaker_shaped_gb for Gem Boots
[INITIALIZATION][CLIENT][INFO] Adding Extreme recipe avaritia:craft_tweaker_shaped_rmbo for Red Matter Boots
[INITIALIZATION][CLIENT][INFO] Adding Extreme recipe avaritia:craft_tweaker_shaped_rml for Red Matter Leggings
[INITIALIZATION][CLIENT][INFO] Adding Extreme recipe avaritia:craft_tweaker_shaped_rmc for Red Matter Chestplate
[INITIALIZATION][CLIENT][INFO] Adding Extreme recipe avaritia:craft_tweaker_shaped_rmh for Red Matter Helmet
[INITIALIZATION][CLIENT][INFO] Adding Extreme recipe avaritia:craft_tweaker_shaped_srg for Swiftwolf's Rending Gale
[INITIALIZATION][CLIENT][INFO] Adding Extreme recipe avaritia:craft_tweaker_shaped_bhb for Black Hole Band
[INITIALIZATION][CLIENT][INFO] Adding Extreme recipe avaritia:craft_tweaker_shaped_dmh for Dark Matter Helmet
[INITIALIZATION][CLIENT][INFO] Adding Extreme recipe avaritia:craft_tweaker_shaped_dmc for Dark Matter Chestplate
[INITIALIZATION][CLIENT][INFO] Adding Extreme recipe avaritia:craft_tweaker_shaped_dml for Dark Matter Leggings
[INITIALIZATION][CLIENT][INFO] Adding Extreme recipe avaritia:craft_tweaker_shaped_dmb for Dark Matter Boots
[INITIALIZATION][CLIENT][INFO] Adding Extreme recipe avaritia:craft_tweaker_shaped_va2 for Volcanite Amulet
[INITIALIZATION][CLIENT][INFO] Adding Extreme recipe avaritia:craft_tweaker_shaped_va for Volcanite Amulet
[INITIALIZATION][CLIENT][INFO] Adding Extreme recipe avaritia:craft_tweaker_shaped_ls2 for Life Stone
[INITIALIZATION][CLIENT][INFO] Adding Extreme recipe avaritia:craft_tweaker_shaped_ls for Life Stone
[INITIALIZATION][CLIENT][INFO] Adding Extreme recipe avaritia:craft_tweaker_shaped_wft for Watch of Flowing Time
[INITIALIZATION][CLIENT][INFO] Adding Extreme recipe avaritia:craft_tweaker_shaped_ms for Mind Stone
[INITIALIZATION][CLIENT][INFO] Adding Extreme recipe avaritia:craft_tweaker_shaped_ea2 for Evertide Amulet
[INITIALIZATION][CLIENT][INFO] Adding Extreme recipe avaritia:craft_tweaker_shaped_ea for Evertide Amulet
[INITIALIZATION][CLIENT][INFO] Adding Extreme recipe avaritia:craft_tweaker_shaped_ss for Soul Stone
[INITIALIZATION][CLIENT][INFO] Adding Extreme recipe avaritia:craft_tweaker_shaped_trannytable for Transmutation Table
[INITIALIZATION][CLIENT][INFO] Adding Extreme recipe avaritia:craft_tweaker_shaped_trannytablet for Transmutation Tablet
[INITIALIZATION][CLIENT][INFO] Adding Extreme recipe avaritia:craft_tweaker_shaped_dmp for Dark Matter Pedestal
[INITIALIZATION][CLIENT][INFO] Adding Extreme recipe avaritia:craft_tweaker_shaped_bs for Body Stone
[INITIALIZATION][CLIENT][INFO] Adding Extreme recipe avaritia:craft_tweaker_shaped_rmb for Red Matter Block
[INITIALIZATION][CLIENT][INFO] Adding Extreme recipe avaritia:craft_tweaker_shaped_dmbl for Dark Matter Block
[INITIALIZATION][CLIENT][INFO] Adding Extreme recipe avaritia:craft_tweaker_shaped_af for Aeternalis Fuel
[INITIALIZATION][CLIENT][INFO] Adding Extreme recipe avaritia:craft_tweaker_shaped_mf for Mobius Fuel
[INITIALIZATION][CLIENT][INFO] Adding Extreme recipe avaritia:craft_tweaker_shaped_ac for Alchemical Coal
[INITIALIZATION][CLIENT][INFO] Adding Extreme recipe avaritia:craft_tweaker_shaped_acb for Alchemical Coal Block
[INITIALIZATION][CLIENT][INFO] Adding Extreme recipe avaritia:craft_tweaker_shaped_mfb for Mobius Fuel Block
[INITIALIZATION][CLIENT][INFO] Adding Extreme recipe avaritia:craft_tweaker_shaped_afb for Aeternalis Fuel Block
[INITIALIZATION][CLIENT][INFO] [crafttweaker | SIDE_CLIENT]: Loading Script: {[0:crafttweaker]: ThermalExpansion.zs}
[INITIALIZATION][CLIENT][INFO] Adding Extreme recipe avaritia:craft_tweaker_shaped_cck for Creative Conversion Kit
[INITIALIZATION][CLIENT][INFO] [crafttweaker | SIDE_CLIENT]: Loading Script: {[0:crafttweaker]: Torcherino.zs}
[INITIALIZATION][CLIENT][INFO] Adding Extreme recipe avaritia:craft_tweaker_shaped_nameplaceholder for Torcherino
[INITIALIZATION][CLIENT][INFO] Completed script loading in: 348ms
[POSTINITIALIZATION][CLIENT][INFO] Removing recipes for various outputs
[POSTINITIALIZATION][CLIENT][INFO] Adding shaped recipe for Rave Couch with name ct_shaped-308218056
[POSTINITIALIZATION][CLIENT][INFO] Adding shapeless recipe for Neutronium Ingot with name ct_shapeless2030060929
[POSTINITIALIZATION][CLIENT][INFO] Adding shaped recipe for Neutronium Ingot with name ct_shaped-1911398894
[POSTINITIALIZATION][CLIENT][INFO] Adding shaped recipe for Neutronium Ingot with name ct_shaped739371254
[POSTINITIALIZATION][CLIENT][INFO] Adding shaped recipe for Rave Couch with name ct_shaped-308218055
[POSTINITIALIZATION][CLIENT][INFO] Adding shaped recipe for Compressed Torcherino with name ct_shaped-308486134
[POSTINITIALIZATION][CLIENT][INFO] Adding shaped recipe for Double Compressed Torcherino with name ct_shaped-925801936
[POSTINITIALIZATION][CLIENT][INFO] Applying MrCrayfish's Furniture Mod changes...
[AVAILABLE][CLIENT][INFO] Fixed the RecipeBook
